<?xml version="1.0" encoding="UTF-8"?>
<!-- Generated by org.testng.reporters.JUnitReportReporter -->
<testsuite hostname="DESKTOP-GQQPDLC" failures="0" tests="8" name="testNGHelperAttributes.InvocationCount" time="0.063" errors="0" timestamp="2025-10-08T12:30:30 IST" skipped="0">
  <testcase classname="testNGHelperAttributes.InvocationCount" name="login" time="0.004">
    <system-out>
      <![CDATA[This is login method]]>
    </system-out>
  </testcase> <!-- login -->
  <testcase classname="testNGHelperAttributes.InvocationCount" name="login" time="0.020">
    <system-out>
      <![CDATA[This is login method]]>
    </system-out>
  </testcase> <!-- login -->
  <testcase classname="testNGHelperAttributes.InvocationCount" name="login" time="0.008">
    <system-out>
      <![CDATA[This is login method]]>
    </system-out>
  </testcase> <!-- login -->
  <testcase classname="testNGHelperAttributes.InvocationCount" name="login" time="0.009">
    <system-out>
      <![CDATA[This is login method]]>
    </system-out>
  </testcase> <!-- login -->
  <testcase classname="testNGHelperAttributes.InvocationCount" name="login" time="0.003">
    <system-out>
      <![CDATA[This is login method]]>
    </system-out>
  </testcase> <!-- login -->
  <testcase classname="testNGHelperAttributes.InvocationCount" name="addToCart" time="0.011">
    <system-out>
      <![CDATA[This is Add To Cart method]]>
    </system-out>
  </testcase> <!-- addToCart -->
  <testcase classname="testNGHelperAttributes.InvocationCount" name="addToCart" time="0.004">
    <system-out>
      <![CDATA[This is Add To Cart method]]>
    </system-out>
  </testcase> <!-- addToCart -->
  <testcase classname="testNGHelperAttributes.InvocationCount" name="addToCart" time="0.004">
    <system-out>
      <![CDATA[This is Add To Cart method]]>
    </system-out>
  </testcase> <!-- addToCart -->
  <system-out>
    <![CDATA[This is login method
This is login method
This is login method
This is login method
This is login method
This is Add To Cart method
This is Add To Cart method
This is Add To Cart method]]>
  </system-out>
</testsuite> <!-- testNGHelperAttributes.InvocationCount -->
