<?xml version="1.0" encoding="UTF-8"?>
<!-- Generated by org.testng.reporters.JUnitReportReporter -->
<testsuite hostname="DESKTOP-GQQPDLC" failures="0" tests="4" name="testNGDataProvider.DataProvider1" time="44.113" errors="0" timestamp="2025-11-20T23:03:24 IST" skipped="0">
  <testcase classname="testNGDataProvider.DataProvider1" name="invalidLogin" time="11.424"/>
  <testcase classname="testNGDataProvider.DataProvider1" name="invalidLogin" time="9.068"/>
  <testcase classname="testNGDataProvider.DataProvider1" name="invalidLogin" time="12.657"/>
  <testcase classname="testNGDataProvider.DataProvider1" name="invalidLogin" time="10.964"/>
</testsuite> <!-- testNGDataProvider.DataProvider1 -->
