<?xml version="1.0" encoding="UTF-8"?>
<!-- Generated by org.testng.reporters.JUnitReportReporter -->
<testsuite hostname="DESKTOP-GQQPDLC" failures="0" tests="4" name="testNGDataProvider.DataProvider2" time="70.525" errors="0" timestamp="2025-10-09T11:34:59 IST" skipped="0">
  <testcase classname="testNGDataProvider.DataProvider2" name="invalidLogin" time="17.929"/>
  <testcase classname="testNGDataProvider.DataProvider2" name="invalidLogin" time="16.300"/>
  <testcase classname="testNGDataProvider.DataProvider2" name="invalidLogin" time="19.583"/>
  <testcase classname="testNGDataProvider.DataProvider2" name="invalidLogin" time="16.713"/>
</testsuite> <!-- testNGDataProvider.DataProvider2 -->
