<?xml version="1.0" encoding="UTF-8"?>
<!-- Generated by org.testng.reporters.JUnitReportReporter -->
<testsuite hostname="DESKTOP-GQQPDLC" failures="0" tests="2" name="testNGCrossBrowser.ParameterizationAndCrossBrowser" time="172.697" errors="0" timestamp="2025-10-07T12:10:58 IST" skipped="0">
  <testcase classname="testNGCrossBrowser.ParameterizationAndCrossBrowser" name="browserSetup" time="161.587"/>
  <testcase classname="testNGCrossBrowser.ParameterizationAndCrossBrowser" name="browserSetup" time="11.110"/>
</testsuite> <!-- testNGCrossBrowser.ParameterizationAndCrossBrowser -->
