<?xml version="1.0" encoding="UTF-8"?>
<!-- Generated by org.testng.reporters.JUnitReportReporter -->
<testsuite hostname="DESKTOP-GQQPDLC" failures="0" tests="3" name="testNGAnnotations.ToUnderstandFlowOfAnnotations" time="0.033" errors="0" timestamp="2025-10-08T20:23:37 IST" skipped="0">
  <testcase classname="testNGAnnotations.ToUnderstandFlowOfAnnotations" name="test1" time="0.018">
    <system-out>
      <![CDATA[This is Test Case 1]]>
    </system-out>
  </testcase> <!-- test1 -->
  <testcase classname="testNGAnnotations.ToUnderstandFlowOfAnnotations" name="test3" time="0.006">
    <system-out>
      <![CDATA[This is Test Case 3]]>
    </system-out>
  </testcase> <!-- test3 -->
  <testcase classname="testNGAnnotations.ToUnderstandFlowOfAnnotations" name="test2" time="0.009">
    <system-out>
      <![CDATA[This is Test Case 2]]>
    </system-out>
  </testcase> <!-- test2 -->
  <system-out>
    <![CDATA[This is Before suite Method
This is Before Test Method
This is Before Class Method
This is Before Method Method
This is Test Case 1
This is After Method Method
This is Before Method Method
This is Test Case 2
This is After Method Method
This is Before Method Method
This is Test Case 3
This is After Method Method
This is After Class Method
This is After Test Method
This is After suite Method]]>
  </system-out>
</testsuite> <!-- testNGAnnotations.ToUnderstandFlowOfAnnotations -->
