<?xml version="1.0" encoding="UTF-8"?>
<!-- Generated by org.testng.reporters.JUnitReportReporter -->
<testsuite hostname="DESKTOP-GQQPDLC" failures="0" tests="3" name="testNGHelperAttributes.FlowOfExecution" time="0.037" errors="0" timestamp="2025-10-06T10:51:32 IST" skipped="0">
  <testcase classname="testNGHelperAttributes.FlowOfExecution" name="register" time="0.021">
    <system-out>
      <![CDATA[This is register method]]>
    </system-out>
  </testcase> <!-- register -->
  <testcase classname="testNGHelperAttributes.FlowOfExecution" name="login" time="0.006">
    <system-out>
      <![CDATA[This is login method]]>
    </system-out>
  </testcase> <!-- login -->
  <testcase classname="testNGHelperAttributes.FlowOfExecution" name="addProductToCart" time="0.010">
    <system-out>
      <![CDATA[This is add product to cart method]]>
    </system-out>
  </testcase> <!-- addProductToCart -->
  <system-out>
    <![CDATA[This is register method
This is login method
This is add product to cart method]]>
  </system-out>
</testsuite> <!-- testNGHelperAttributes.FlowOfExecution -->
