<?xml version="1.0" encoding="UTF-8"?>
<!-- Generated by org.testng.reporters.JUnitReportReporter -->
<testsuite hostname="DESKTOP-GQQPDLC" failures="0" tests="2" name="testNGHelperAttributes.Enabled" time="6.059" errors="0" timestamp="2025-10-08T12:37:09 IST" skipped="1">
  <testcase classname="testNGHelperAttributes.Enabled" name="instagram" time="6.059"/>
  <testcase classname="testNGHelperAttributes.Enabled" name="facebook">
    <skipped/>
  </testcase> <!-- facebook -->
</testsuite> <!-- testNGHelperAttributes.Enabled -->
