<?xml version="1.0" encoding="UTF-8"?>
<!-- Generated by org.testng.reporters.JUnitReportReporter -->
<testsuite hostname="DESKTOP-GQQPDLC" failures="0" tests="3" name="testNGHelperAttributes.Priority" time="0.038" errors="0" timestamp="2025-10-08T12:28:41 IST" skipped="0">
  <testcase classname="testNGHelperAttributes.Priority" name="login" time="0.006">
    <system-out>
      <![CDATA[This is login method]]>
    </system-out>
  </testcase> <!-- login -->
  <testcase classname="testNGHelperAttributes.Priority" name="register" time="0.011">
    <system-out>
      <![CDATA[This is register method]]>
    </system-out>
  </testcase> <!-- register -->
  <testcase classname="testNGHelperAttributes.Priority" name="addProductToCart" time="0.021">
    <system-out>
      <![CDATA[This is add product to cart method]]>
    </system-out>
  </testcase> <!-- addProductToCart -->
  <system-out>
    <![CDATA[This is add product to cart method
This is login method
This is register method]]>
  </system-out>
</testsuite> <!-- testNGHelperAttributes.Priority -->
