<?xml version="1.0" encoding="UTF-8"?>
<!-- Generated by org.testng.reporters.JUnitReportReporter -->
<testsuite hostname="DESKTOP-GQQPDLC" failures="0" tests="1" name="testNGFramework.RemoveFromAddToCart" time="52.334" errors="0" timestamp="2025-10-09T09:22:59 IST" skipped="0">
  <testcase classname="testNGFramework.RemoveFromAddToCart" name="removeProductFromCartTC" time="52.334">
    <system-out>
      <![CDATA[[TestCase--> removeProductFromCartTC-->Start]
[TestCase-->removeProductFromCartTC-->Successful]]]>
    </system-out>
  </testcase> <!-- removeProductFromCartTC -->
  <system-out>
    <![CDATA[<test>--Test--> Started
[TestCase--> addToCartTC-->Start]
[TestCase--> removeProductFromCartTC-->Start]
[TestCase-->removeProductFromCartTC-->Successful]
[TestCase--> buyProductTC-->Start]
[TestCase-->buyProductTC-->Successful]]]>
  </system-out>
</testsuite> <!-- testNGFramework.RemoveFromAddToCart -->
