<?xml version="1.0" encoding="UTF-8"?>
<!-- Generated by org.testng.reporters.JUnitReportReporter -->
<testsuite hostname="DESKTOP-GQQPDLC" failures="0" tests="4" name="testNGDataProvider.DataProvider1" time="85.343" errors="0" timestamp="2025-10-09T10:27:38 IST" skipped="0">
  <testcase classname="testNGDataProvider.DataProvider1" name="invalidLogin" time="23.679"/>
  <testcase classname="testNGDataProvider.DataProvider1" name="invalidLogin" time="20.893"/>
  <testcase classname="testNGDataProvider.DataProvider1" name="invalidLogin" time="18.627"/>
  <testcase classname="testNGDataProvider.DataProvider1" name="invalidLogin" time="22.144"/>
</testsuite> <!-- testNGDataProvider.DataProvider1 -->
