<?xml version="1.0" encoding="UTF-8"?>
<!-- Generated by org.testng.reporters.JUnitReportReporter -->
<testsuite hostname="DESKTOP-GQQPDLC" failures="0" tests="2" name="testNGCrossBrowser.ParameterizationAndCrossBrowser" time="15.692" errors="0" timestamp="2025-12-21T18:20:36 IST" skipped="0">
  <testcase classname="testNGCrossBrowser.ParameterizationAndCrossBrowser" name="browserSetup" time="9.496"/>
  <testcase classname="testNGCrossBrowser.ParameterizationAndCrossBrowser" name="browserSetup" time="6.196"/>
</testsuite> <!-- testNGCrossBrowser.ParameterizationAndCrossBrowser -->
