<?xml version="1.0" encoding="UTF-8"?>
<!-- Generated by org.testng.reporters.JUnitReportReporter -->
<testsuite hostname="DESKTOP-GQQPDLC" failures="0" tests="6" name="testNGHelperAttributes.ThreadPoolSize" time="64.730" errors="0" timestamp="2025-10-08T12:36:28 IST" skipped="1">
  <testcase classname="testNGHelperAttributes.ThreadPoolSize" name="facebook" time="8.975"/>
  <testcase classname="testNGHelperAttributes.ThreadPoolSize" name="facebook" time="17.501"/>
  <testcase classname="testNGHelperAttributes.ThreadPoolSize" name="facebook" time="16.780"/>
  <testcase classname="testNGHelperAttributes.ThreadPoolSize" name="facebook" time="12.994"/>
  <testcase classname="testNGHelperAttributes.ThreadPoolSize" name="facebook" time="8.480"/>
  <testcase classname="testNGHelperAttributes.ThreadPoolSize" name="instagram">
    <skipped/>
  </testcase> <!-- instagram -->
</testsuite> <!-- testNGHelperAttributes.ThreadPoolSize -->
