<?xml version="1.0" encoding="UTF-8"?>
<!-- Generated by org.testng.reporters.JUnitXMLReporter -->
<testsuite ignored="0" hostname="DESKTOP-GQQPDLC" failures="0" tests="3" name="Test" time="71.684" errors="0" timestamp="2025-12-23T18:38:57 IST">
  <testcase classname="testPackage.TC_AddToCart_001_Test" name="addToCartTC" time="7.382"/>
  <testcase classname="testPackage.TC_RemoveFromCart_002_Test" name="removeProductFromCartTC" time="7.605"/>
  <testcase classname="testPackage.TC_BuyProduct_003_Test" name="buyProductTC" time="14.063"/>
</testsuite> <!-- Test -->
