<?xml version="1.0" encoding="UTF-8"?>
<!-- Generated by org.testng.reporters.JUnitReportReporter -->
<testsuite hostname="DESKTOP-GQQPDLC" failures="0" tests="1" name="testPackage.TC_AddToCart_001_Test" time="12.637" errors="0" timestamp="2025-12-23T18:38:57 IST" skipped="0">
  <testcase classname="testPackage.TC_AddToCart_001_Test" name="addToCartTC" time="12.637">
    <system-out>
      <![CDATA[[TestCase--> addToCartTC-->Start]
[TestCase-->addToCartTC-->Successful]]]>
    </system-out>
  </testcase> <!-- addToCartTC -->
  <system-out>
    <![CDATA[<test>--Test--> Started
[TestCase--> addToCartTC-->Start]
[TestCase-->addToCartTC-->Successful]
[TestCase--> removeProductFromCartTC-->Start]
[TestCase-->removeProductFromCartTC-->Successful]
[TestCase--> buyProductTC-->Start]
[TestCase-->buyProductTC-->Successful]]]>
  </system-out>
</testsuite> <!-- testPackage.TC_AddToCart_001_Test -->
