<?xml version="1.0" encoding="UTF-8"?>
<!-- Generated by org.testng.reporters.JUnitReportReporter -->
<testsuite hostname="DESKTOP-GQQPDLC" failures="0" tests="1" name="testPackage.TC_BuyProduct_003_Test" time="18.684" errors="0" timestamp="2025-12-23T18:38:58 IST" skipped="0">
  <testcase classname="testPackage.TC_BuyProduct_003_Test" name="buyProductTC" time="18.684">
    <system-out>
      <![CDATA[[TestCase--> buyProductTC-->Start]
[TestCase-->buyProductTC-->Successful]]]>
    </system-out>
  </testcase> <!-- buyProductTC -->
  <system-out>
    <![CDATA[<test>--Test--> Started
[TestCase--> addToCartTC-->Start]
[TestCase-->addToCartTC-->Successful]
[TestCase--> removeProductFromCartTC-->Start]
[TestCase-->removeProductFromCartTC-->Successful]
[TestCase--> buyProductTC-->Start]
[TestCase-->buyProductTC-->Successful]]]>
  </system-out>
</testsuite> <!-- testPackage.TC_BuyProduct_003_Test -->
