<?xml version="1.0" encoding="UTF-8"?>
<!-- Generated by org.testng.reporters.JUnitReportReporter -->
<testsuite hostname="DESKTOP-GQQPDLC" failures="0" tests="1" name="testPackage.TC_RemoveFromCart_002_Test" time="15.004" errors="0" timestamp="2025-11-21T05:45:37 IST" skipped="0">
  <testcase classname="testPackage.TC_RemoveFromCart_002_Test" name="removeProductFromCartTC" time="15.004">
    <system-out>
      <![CDATA[[TestCase--> removeProductFromCartTC-->Start]
[TestCase-->removeProductFromCartTC-->Successful]]]>
    </system-out>
  </testcase> <!-- removeProductFromCartTC -->
  <system-out>
    <![CDATA[<test>--Test--> Started
[TestCase--> removeProductFromCartTC-->Start]
[TestCase-->removeProductFromCartTC-->Successful]]]>
  </system-out>
</testsuite> <!-- testPackage.TC_RemoveFromCart_002_Test -->
