<?xml version="1.0" encoding="UTF-8"?>
<testng-results ignored="0" total="2" passed="2" failed="0" skipped="0">
  <reporter-output>
  </reporter-output>
  <suite started-at="2025-12-21T18:20:19 IST" name="Suite" finished-at="2025-12-21T18:20:35 IST" duration-ms="15910">
    <groups>
    </groups>
    <test started-at="2025-12-21T18:20:19 IST" name="Chrome" finished-at="2025-12-21T18:20:25 IST" duration-ms="6277">
      <class name="testNGCrossBrowser.ParameterizationAndCrossBrowser">
        <test-method signature="browserSetup(java.lang.String,java.lang.String)[pri:0, instance:testNGCrossBrowser.ParameterizationAndCrossBrowser@2f4948e4]" started-at="2025-12-21T18:20:19 IST" name="browserSetup" finished-at="2025-12-21T18:20:25 IST" duration-ms="6196" status="PASS">
          <params>
            <param index="0">
              <value>
                <![CDATA[chrome]]>
              </value>
            </param>
            <param index="1">
              <value>
                <![CDATA[https://demowebshop.tricentis.com/]]>
              </value>
            </param>
          </params>
          <reporter-output>
          </reporter-output>
        </test-method> <!-- browserSetup -->
      </class> <!-- testNGCrossBrowser.ParameterizationAndCrossBrowser -->
    </test> <!-- Chrome -->
    <test started-at="2025-12-21T18:20:25 IST" name="Firefox" finished-at="2025-12-21T18:20:35 IST" duration-ms="9511">
      <class name="testNGCrossBrowser.ParameterizationAndCrossBrowser">
        <test-method signature="browserSetup(java.lang.String,java.lang.String)[pri:0, instance:testNGCrossBrowser.ParameterizationAndCrossBrowser@7d8704ef]" started-at="2025-12-21T18:20:25 IST" name="browserSetup" finished-at="2025-12-21T18:20:35 IST" duration-ms="9496" status="PASS">
          <params>
            <param index="0">
              <value>
                <![CDATA[firefox]]>
              </value>
            </param>
            <param index="1">
              <value>
                <![CDATA[https://demowebshop.tricentis.com/]]>
              </value>
            </param>
          </params>
          <reporter-output>
          </reporter-output>
        </test-method> <!-- browserSetup -->
      </class> <!-- testNGCrossBrowser.ParameterizationAndCrossBrowser -->
    </test> <!-- Firefox -->
  </suite> <!-- Suite -->
</testng-results>
