<?xml version="1.0" encoding="UTF-8"?>
<testng-results ignored="0" total="1" passed="1" failed="0" skipped="0">
  <reporter-output>
  </reporter-output>
  <suite started-at="2025-10-11T09:31:43 IST" name="Default suite" finished-at="2025-10-11T09:32:14 IST" duration-ms="31463">
    <groups>
    </groups>
    <test started-at="2025-10-11T09:31:43 IST" name="Default test" finished-at="2025-10-11T09:32:14 IST" duration-ms="31463">
      <class name="testNGFramework.BuyProductTC">
        <test-method is-config="true" signature="browserSetup()[pri:0, instance:testNGFramework.BuyProductTC@f79e]" started-at="2025-10-11T09:31:43 IST" name="browserSetup" finished-at="2025-10-11T09:31:50 IST" duration-ms="7480" status="PASS">
          <reporter-output>
          </reporter-output>
        </test-method> <!-- browserSetup -->
        <test-method is-config="true" signature="login()[pri:0, instance:testNGFramework.BuyProductTC@f79e]" started-at="2025-10-11T09:31:50 IST" name="login" finished-at="2025-10-11T09:31:55 IST" duration-ms="5148" status="PASS">
          <reporter-output>
          </reporter-output>
        </test-method> <!-- login -->
        <test-method signature="buyProductTC()[pri:0, instance:testNGFramework.BuyProductTC@f79e]" started-at="2025-10-11T09:31:55 IST" name="buyProductTC" finished-at="2025-10-11T09:32:12 IST" duration-ms="16384" status="PASS">
          <reporter-output>
          </reporter-output>
        </test-method> <!-- buyProductTC -->
        <test-method is-config="true" signature="logout()[pri:0, instance:testNGFramework.BuyProductTC@f79e]" started-at="2025-10-11T09:32:12 IST" name="logout" finished-at="2025-10-11T09:32:13 IST" duration-ms="1593" status="PASS">
          <reporter-output>
          </reporter-output>
        </test-method> <!-- logout -->
        <test-method is-config="true" signature="tearDown()[pri:0, instance:testNGFramework.BuyProductTC@f79e]" started-at="2025-10-11T09:32:13 IST" name="tearDown" finished-at="2025-10-11T09:32:14 IST" duration-ms="739" status="PASS">
          <reporter-output>
          </reporter-output>
        </test-method> <!-- tearDown -->
      </class> <!-- testNGFramework.BuyProductTC -->
    </test> <!-- Default test -->
  </suite> <!-- Default suite -->
</testng-results>
