<?xml version="1.0" encoding="UTF-8"?>
<testng-results ignored="0" total="3" passed="3" failed="0" skipped="0">
  <reporter-output>
    <line>
      <![CDATA[<test>--Test--> Started]]>
    </line>
    <line>
      <![CDATA[[TestCase--> addToCartTC-->Start]]]>
    </line>
    <line>
      <![CDATA[[TestCase-->addToCartTC-->Successful]]]>
    </line>
    <line>
      <![CDATA[[TestCase--> removeProductFromCartTC-->Start]]]>
    </line>
    <line>
      <![CDATA[[TestCase-->removeProductFromCartTC-->Successful]]]>
    </line>
    <line>
      <![CDATA[[TestCase--> buyProductTC-->Start]]]>
    </line>
    <line>
      <![CDATA[[TestCase-->buyProductTC-->Successful]]]>
    </line>
  </reporter-output>
  <suite started-at="2025-12-23T18:37:46 IST" name="Suite" finished-at="2025-12-23T18:38:57 IST" duration-ms="71684">
    <groups>
    </groups>
    <test started-at="2025-12-23T18:37:46 IST" name="Test" finished-at="2025-12-23T18:38:57 IST" duration-ms="71684">
      <class name="testPackage.TC_RemoveFromCart_002_Test">
        <test-method is-config="true" signature="browserSetup()[pri:0, instance:testPackage.TC_RemoveFromCart_002_Test@28701274]" started-at="2025-12-23T18:38:12 IST" name="browserSetup" finished-at="2025-12-23T18:38:17 IST" duration-ms="4982" status="PASS">
          <reporter-output>
          </reporter-output>
        </test-method> <!-- browserSetup -->
        <test-method is-config="true" signature="login()[pri:0, instance:testPackage.TC_RemoveFromCart_002_Test@28701274]" started-at="2025-12-23T18:38:17 IST" name="login" finished-at="2025-12-23T18:38:20 IST" duration-ms="3212" status="PASS">
          <reporter-output>
          </reporter-output>
        </test-method> <!-- login -->
        <test-method signature="removeProductFromCartTC()[pri:0, instance:testPackage.TC_RemoveFromCart_002_Test@28701274]" started-at="2025-12-23T18:38:20 IST" name="removeProductFromCartTC" finished-at="2025-12-23T18:38:28 IST" duration-ms="7605" status="PASS">
          <reporter-output>
            <line>
              <![CDATA[[TestCase--> removeProductFromCartTC-->Start]]]>
            </line>
            <line>
              <![CDATA[[TestCase-->removeProductFromCartTC-->Successful]]]>
            </line>
          </reporter-output>
        </test-method> <!-- removeProductFromCartTC -->
        <test-method is-config="true" signature="logout()[pri:0, instance:testPackage.TC_RemoveFromCart_002_Test@28701274]" started-at="2025-12-23T18:38:28 IST" name="logout" finished-at="2025-12-23T18:38:29 IST" duration-ms="882" status="PASS">
          <reporter-output>
          </reporter-output>
        </test-method> <!-- logout -->
        <test-method is-config="true" signature="tearDown()[pri:0, instance:testPackage.TC_RemoveFromCart_002_Test@28701274]" started-at="2025-12-23T18:38:29 IST" name="tearDown" finished-at="2025-12-23T18:38:30 IST" duration-ms="1044" status="PASS">
          <reporter-output>
          </reporter-output>
        </test-method> <!-- tearDown -->
      </class> <!-- testPackage.TC_RemoveFromCart_002_Test -->
      <class name="testPackage.TC_AddToCart_001_Test">
        <test-method is-config="true" signature="browserSetup()[pri:0, instance:testPackage.TC_AddToCart_001_Test@2d3379b4]" started-at="2025-12-23T18:37:46 IST" name="browserSetup" finished-at="2025-12-23T18:37:59 IST" duration-ms="13078" status="PASS">
          <reporter-output>
          </reporter-output>
        </test-method> <!-- browserSetup -->
        <test-method is-config="true" signature="login()[pri:0, instance:testPackage.TC_AddToCart_001_Test@2d3379b4]" started-at="2025-12-23T18:37:59 IST" name="login" finished-at="2025-12-23T18:38:03 IST" duration-ms="4362" status="PASS">
          <reporter-output>
          </reporter-output>
        </test-method> <!-- login -->
        <test-method signature="addToCartTC()[pri:0, instance:testPackage.TC_AddToCart_001_Test@2d3379b4]" started-at="2025-12-23T18:38:03 IST" name="addToCartTC" finished-at="2025-12-23T18:38:10 IST" duration-ms="7382" status="PASS">
          <reporter-output>
            <line>
              <![CDATA[[TestCase--> addToCartTC-->Start]]]>
            </line>
            <line>
              <![CDATA[[TestCase-->addToCartTC-->Successful]]]>
            </line>
          </reporter-output>
        </test-method> <!-- addToCartTC -->
        <test-method is-config="true" signature="logout()[pri:0, instance:testPackage.TC_AddToCart_001_Test@2d3379b4]" started-at="2025-12-23T18:38:10 IST" name="logout" finished-at="2025-12-23T18:38:11 IST" duration-ms="893" status="PASS">
          <reporter-output>
          </reporter-output>
        </test-method> <!-- logout -->
        <test-method is-config="true" signature="tearDown()[pri:0, instance:testPackage.TC_AddToCart_001_Test@2d3379b4]" started-at="2025-12-23T18:38:11 IST" name="tearDown" finished-at="2025-12-23T18:38:12 IST" duration-ms="747" status="PASS">
          <reporter-output>
          </reporter-output>
        </test-method> <!-- tearDown -->
      </class> <!-- testPackage.TC_AddToCart_001_Test -->
      <class name="testPackage.TC_BuyProduct_003_Test">
        <test-method is-config="true" signature="browserSetup()[pri:0, instance:testPackage.TC_BuyProduct_003_Test@13c9d689]" started-at="2025-12-23T18:38:30 IST" name="browserSetup" finished-at="2025-12-23T18:38:38 IST" duration-ms="8006" status="PASS">
          <reporter-output>
          </reporter-output>
        </test-method> <!-- browserSetup -->
        <test-method is-config="true" signature="login()[pri:0, instance:testPackage.TC_BuyProduct_003_Test@13c9d689]" started-at="2025-12-23T18:38:38 IST" name="login" finished-at="2025-12-23T18:38:41 IST" duration-ms="3039" status="PASS">
          <reporter-output>
          </reporter-output>
        </test-method> <!-- login -->
        <test-method signature="buyProductTC()[pri:0, instance:testPackage.TC_BuyProduct_003_Test@13c9d689]" started-at="2025-12-23T18:38:41 IST" name="buyProductTC" finished-at="2025-12-23T18:38:55 IST" duration-ms="14063" status="PASS">
          <reporter-output>
            <line>
              <![CDATA[[TestCase--> buyProductTC-->Start]]]>
            </line>
            <line>
              <![CDATA[[TestCase-->buyProductTC-->Successful]]]>
            </line>
          </reporter-output>
        </test-method> <!-- buyProductTC -->
        <test-method is-config="true" signature="logout()[pri:0, instance:testPackage.TC_BuyProduct_003_Test@13c9d689]" started-at="2025-12-23T18:38:55 IST" name="logout" finished-at="2025-12-23T18:38:57 IST" duration-ms="1582" status="PASS">
          <reporter-output>
          </reporter-output>
        </test-method> <!-- logout -->
        <test-method is-config="true" signature="tearDown()[pri:0, instance:testPackage.TC_BuyProduct_003_Test@13c9d689]" started-at="2025-12-23T18:38:57 IST" name="tearDown" finished-at="2025-12-23T18:38:57 IST" duration-ms="686" status="PASS">
          <reporter-output>
          </reporter-output>
        </test-method> <!-- tearDown -->
      </class> <!-- testPackage.TC_BuyProduct_003_Test -->
    </test> <!-- Test -->
  </suite> <!-- Suite -->
</testng-results>
