<?xml version="1.0" encoding="UTF-8"?>
<testng-results ignored="0" total="1" passed="1" failed="0" skipped="0">
  <reporter-output>
    <line>
      <![CDATA[<test>--Test--> Started]]>
    </line>
    <line>
      <![CDATA[[TestCase--> addToCartTC-->Start]]]>
    </line>
    <line>
      <![CDATA[[TestCase-->addToCartTC-->Successful]]]>
    </line>
  </reporter-output>
  <suite started-at="2025-12-13T11:50:21 IST" name="Suite" finished-at="2025-12-13T11:51:46 IST" duration-ms="85137">
    <groups>
    </groups>
    <test started-at="2025-12-13T11:50:21 IST" name="Test" finished-at="2025-12-13T11:51:46 IST" duration-ms="85137">
      <class name="testPackage.TC_AddToCart_001_Test">
        <test-method is-config="true" signature="browserSetup()[pri:0, instance:testPackage.TC_AddToCart_001_Test@443118b0]" started-at="2025-12-13T11:50:21 IST" name="browserSetup" finished-at="2025-12-13T11:51:29 IST" duration-ms="68520" status="PASS">
          <reporter-output>
          </reporter-output>
        </test-method> <!-- browserSetup -->
        <test-method is-config="true" signature="login()[pri:0, instance:testPackage.TC_AddToCart_001_Test@443118b0]" started-at="2025-12-13T11:51:29 IST" name="login" finished-at="2025-12-13T11:51:34 IST" duration-ms="5204" status="PASS">
          <reporter-output>
          </reporter-output>
        </test-method> <!-- login -->
        <test-method signature="addToCartTC()[pri:0, instance:testPackage.TC_AddToCart_001_Test@443118b0]" started-at="2025-12-13T11:51:34 IST" name="addToCartTC" finished-at="2025-12-13T11:51:44 IST" duration-ms="9387" status="PASS">
          <reporter-output>
            <line>
              <![CDATA[[TestCase--> addToCartTC-->Start]]]>
            </line>
            <line>
              <![CDATA[[TestCase-->addToCartTC-->Successful]]]>
            </line>
          </reporter-output>
        </test-method> <!-- addToCartTC -->
        <test-method is-config="true" signature="logout()[pri:0, instance:testPackage.TC_AddToCart_001_Test@443118b0]" started-at="2025-12-13T11:51:44 IST" name="logout" finished-at="2025-12-13T11:51:45 IST" duration-ms="861" status="PASS">
          <reporter-output>
          </reporter-output>
        </test-method> <!-- logout -->
        <test-method is-config="true" signature="tearDown()[pri:0, instance:testPackage.TC_AddToCart_001_Test@443118b0]" started-at="2025-12-13T11:51:45 IST" name="tearDown" finished-at="2025-12-13T11:51:46 IST" duration-ms="1062" status="PASS">
          <reporter-output>
          </reporter-output>
        </test-method> <!-- tearDown -->
      </class> <!-- testPackage.TC_AddToCart_001_Test -->
    </test> <!-- Test -->
  </suite> <!-- Suite -->
</testng-results>
