<?xml version="1.0" encoding="UTF-8"?>
<!-- Generated by org.testng.reporters.JUnitXMLReporter -->
<testsuite ignored="0" hostname="DESKTOP-GQQPDLC" failures="0" tests="3" name="Bikes" time="86.742" errors="0" timestamp="2025-10-09T11:48:10 IST">
  <testcase classname="testNGBikes.TVSMotors" name="launchTVSMotors" time="35.755"/>
  <testcase classname="testNGBikes.Jawa" name="launchJawaYezdi" time="28.769"/>
  <testcase classname="testNGBikes.Honda" name="launchHonda" time="22.126"/>
</testsuite> <!-- Bikes -->
