<?xml version="1.0" encoding="UTF-8"?>
<!-- Generated by org.testng.reporters.JUnitXMLReporter -->
<testsuite ignored="0" hostname="DESKTOP-GQQPDLC" failures="0" tests="3" name="Bikes" time="62.622" errors="0" timestamp="2025-12-21T17:05:24 IST">
  <testcase classname="testNGBikes.TVSMotors" name="launchTVSMotors" time="26.993"/>
  <testcase classname="testNGBikes.Jawa" name="launchJawaYezdi" time="19.211"/>
  <testcase classname="testNGBikes.Honda" name="launchHonda" time="16.327"/>
</testsuite> <!-- Bikes -->
