<?xml version="1.0" encoding="UTF-8"?>
<!-- Generated by org.testng.reporters.JUnitXMLReporter -->
<testsuite ignored="0" hostname="DESKTOP-GQQPDLC" failures="0" tests="3" name="Cars" time="51.226" errors="0" timestamp="2025-12-21T17:05:12 IST">
  <testcase classname="testNGCars.RollsRoyal" name="launchRollsRoyal" time="21.442"/>
  <testcase classname="testNGCars.BMW" name="launchBMW" time="14.174"/>
  <testcase classname="testNGCars.Bugatti" name="launchBugatti" time="15.49"/>
</testsuite> <!-- Cars -->
