<?xml version="1.0" encoding="UTF-8"?>
<!-- Generated by org.testng.reporters.JUnitXMLReporter -->
<testsuite ignored="0" hostname="DESKTOP-GQQPDLC" failures="0" tests="3" name="Cars" time="40.356" errors="0" timestamp="2025-10-09T11:47:24 IST">
  <testcase classname="testNGCars.RollsRoyal" name="launchRollsRoyal" time="10.428"/>
  <testcase classname="testNGCars.BMW" name="launchBMW" time="16.299"/>
  <testcase classname="testNGCars.Bugatti" name="launchBugatti" time="13.514"/>
</testsuite> <!-- Cars -->
