<?xml version="1.0" encoding="UTF-8"?>
<!-- Generated by org.testng.reporters.JUnitXMLReporter -->
<testsuite ignored="2" hostname="DESKTOP-GQQPDLC" failures="0" tests="4" name="Test" time="107.953" errors="0" timestamp="2025-10-09T11:44:37 IST">
  <testcase classname="testNGBikes.RoyalEnfield" name="launchRoyalEnfield" time="76.493"/>
  <testcase classname="testNGCars.Astomartin" name="launchAstoMartin" time="12.217"/>
  <testcase classname="testNGBikes.Honda" name="launchHonda" time="6.356"/>
  <testcase classname="testNGCars.Bugatti" name="launchBugatti" time="12.777"/>
  <testcase classname="testNGCars.BMW" name="launchBMW" time="0.0">
    <ignored/>
  </testcase> <!-- launchBMW -->
  <testcase classname="testNGBikes.Jawa" name="launchJawaYezdi" time="0.0">
    <ignored/>
  </testcase> <!-- launchJawaYezdi -->
</testsuite> <!-- Test -->
