<?xml version="1.0" encoding="UTF-8"?>
<!-- Generated by org.testng.reporters.JUnitXMLReporter -->
<testsuite ignored="2" hostname="DESKTOP-GQQPDLC" failures="0" tests="4" name="Test" time="48.68" errors="0" timestamp="2025-12-21T17:37:07 IST">
  <testcase classname="testNGBikes.RoyalEnfield" name="launchRoyalEnfield" time="14.336"/>
  <testcase classname="testNGCars.Astomartin" name="launchAstoMartin" time="11.139"/>
  <testcase classname="testNGBikes.Honda" name="launchHonda" time="11.829"/>
  <testcase classname="testNGCars.Bugatti" name="launchBugatti" time="11.262"/>
  <testcase classname="testNGCars.BMW" name="launchBMW" time="0.0">
    <ignored/>
  </testcase> <!-- launchBMW -->
  <testcase classname="testNGBikes.Jawa" name="launchJawaYezdi" time="0.0">
    <ignored/>
  </testcase> <!-- launchJawaYezdi -->
</testsuite> <!-- Test -->
